Determining if the pthread_create exist failed with the following output:
Change Dir: /home/eecs149_rst/vrpn_client_ws/build/CMakeFiles/CMakeTmp

Run Build Command:"/usr/bin/make" "cmTC_5b8ed/fast"
/usr/bin/make -f CMakeFiles/cmTC_5b8ed.dir/build.make CMakeFiles/cmTC_5b8ed.dir/build
make[1]: Entering directory '/home/eecs149_rst/vrpn_client_ws/build/CMakeFiles/CMakeTmp'
Building C object CMakeFiles/cmTC_5b8ed.dir/CheckSymbolExists.c.o
/usr/bin/cc     -o CMakeFiles/cmTC_5b8ed.dir/CheckSymbolExists.c.o   -c /home/eecs149_rst/vrpn_client_ws/build/CMakeFiles/CMakeTmp/CheckSymbolExists.c
Linking C executable cmTC_5b8ed
/usr/bin/cmake -E cmake_link_script CMakeFiles/cmTC_5b8ed.dir/link.txt --verbose=1
/usr/bin/cc       CMakeFiles/cmTC_5b8ed.dir/CheckSymbolExists.c.o  -o cmTC_5b8ed -rdynamic 
CMakeFiles/cmTC_5b8ed.dir/CheckSymbolExists.c.o: In function `main':
CheckSymbolExists.c:(.text+0x16): undefined reference to `pthread_create'
collect2: error: ld returned 1 exit status
CMakeFiles/cmTC_5b8ed.dir/build.make:97: recipe for target 'cmTC_5b8ed' failed
make[1]: *** [cmTC_5b8ed] Error 1
make[1]: Leaving directory '/home/eecs149_rst/vrpn_client_ws/build/CMakeFiles/CMakeTmp'
Makefile:126: recipe for target 'cmTC_5b8ed/fast' failed
make: *** [cmTC_5b8ed/fast] Error 2

File /home/eecs149_rst/vrpn_client_ws/build/CMakeFiles/CMakeTmp/CheckSymbolExists.c:
/* */
#include <pthread.h>

int main(int argc, char** argv)
{
  (void)argv;
#ifndef pthread_create
  return ((int*)(&pthread_create))[argc];
#else
  (void)argc;
  return 0;
#endif
}

Determining if the function pthread_create exists in the pthreads failed with the following output:
Change Dir: /home/eecs149_rst/vrpn_client_ws/build/CMakeFiles/CMakeTmp

Run Build Command:"/usr/bin/make" "cmTC_57363/fast"
/usr/bin/make -f CMakeFiles/cmTC_57363.dir/build.make CMakeFiles/cmTC_57363.dir/build
make[1]: Entering directory '/home/eecs149_rst/vrpn_client_ws/build/CMakeFiles/CMakeTmp'
Building C object CMakeFiles/cmTC_57363.dir/CheckFunctionExists.c.o
/usr/bin/cc    -DCHECK_FUNCTION_EXISTS=pthread_create   -o CMakeFiles/cmTC_57363.dir/CheckFunctionExists.c.o   -c /usr/share/cmake-3.5/Modules/CheckFunctionExists.c
Linking C executable cmTC_57363
/usr/bin/cmake -E cmake_link_script CMakeFiles/cmTC_57363.dir/link.txt --verbose=1
/usr/bin/cc   -DCHECK_FUNCTION_EXISTS=pthread_create    CMakeFiles/cmTC_57363.dir/CheckFunctionExists.c.o  -o cmTC_57363 -rdynamic -lpthreads 
/usr/bin/ld: cannot find -lpthreads
collect2: error: ld returned 1 exit status
CMakeFiles/cmTC_57363.dir/build.make:97: recipe for target 'cmTC_57363' failed
make[1]: *** [cmTC_57363] Error 1
make[1]: Leaving directory '/home/eecs149_rst/vrpn_client_ws/build/CMakeFiles/CMakeTmp'
Makefile:126: recipe for target 'cmTC_57363/fast' failed
make: *** [cmTC_57363/fast] Error 2


